[debug] [2017-11-16T03:35:55.856Z] ----------------------------------------------------------------------
[debug] [2017-11-16T03:35:55.861Z] Command:       /usr/bin/node /usr/bin/firebase deploy
[debug] [2017-11-16T03:35:55.862Z] CLI Version:   3.14.0
[debug] [2017-11-16T03:35:55.862Z] Platform:      linux
[debug] [2017-11-16T03:35:55.862Z] Node Version:  v9.1.0
[debug] [2017-11-16T03:35:55.862Z] Time:          Wed Nov 15 2017 22:35:55 GMT-0500 (-05)
[debug] [2017-11-16T03:35:55.862Z] ----------------------------------------------------------------------
[debug]
[debug] [2017-11-16T03:35:55.938Z] > command requires scopes: ["email","openid","https://www.googleapis.com/auth/cloudplatformprojects.readonly","https://www.googleapis.com/auth/firebase","https://www.googleapis.com/auth/cloud-platform"]
[debug] [2017-11-16T03:35:55.939Z] > authorizing via signed-in user
[debug] [2017-11-16T03:35:55.943Z] > refreshing access token with scopes: ["email","https://www.googleapis.com/auth/cloud-platform","https://www.googleapis.com/auth/cloudplatformprojects.readonly","https://www.googleapis.com/auth/firebase","openid"]
[debug] [2017-11-16T03:35:55.944Z] >>> HTTP REQUEST POST https://www.googleapis.com/oauth2/v3/token { refresh_token: '1/mL8UONSNrRhIv6odjMDDc_nC6YH9CeGtQK14Vv1z9SM',
  client_id: '563584335869-fgrhgmd47bqnekij5i8b5pr03ho849e6.apps.googleusercontent.com',
  client_secret: 'j9iVZfS8kkCEFUPaAeJV0sAi',
  grant_type: 'refresh_token',
  scope: 'email https://www.googleapis.com/auth/cloud-platform https://www.googleapis.com/auth/cloudplatformprojects.readonly https://www.googleapis.com/auth/firebase openid' }
 Wed Nov 15 2017 22:35:55 GMT-0500 (-05)
[debug] [2017-11-16T03:35:56.564Z] <<< HTTP RESPONSE 200
[debug] [2017-11-16T03:35:56.615Z] >>> HTTP REQUEST GET https://admin.firebase.com/v1/projects/angularcolombia
 Wed Nov 15 2017 22:35:56 GMT-0500 (-05)
[debug] [2017-11-16T03:36:04.988Z] <<< HTTP RESPONSE 200
[debug] [2017-11-16T03:36:04.990Z] >>> HTTP REQUEST GET https://admin.firebase.com/v1/database/angularcolombia/tokens
 Wed Nov 15 2017 22:36:04 GMT-0500 (-05)
[debug] [2017-11-16T03:36:09.180Z] <<< HTTP RESPONSE 200
[info] 1
[info]
[info] === Deploying to 'angularcolombia'...
[info]
[info] i  deploying hosting
[info] i  hosting: preparing dist directory for upload...
[debug] [2017-11-16T03:36:11.243Z] >>> HTTP REQUEST PUT https://deploy.firebase.com/v1/hosting/angularcolombia/uploads/-Kz1tUBJBIoPl4In2o_X?fileCount=12&message=
 Wed Nov 15 2017 22:36:11 GMT-0500 (-05)
[debug] [2017-11-16T03:36:36.757Z] <<< HTTP RESPONSE 200
[debug] [2017-11-16T03:36:36.758Z] [hosting] .tgz uploaded successfully, waiting for extraction
[info] ✔  hosting: 12 files uploaded successfully
[debug] [2017-11-16T03:36:37.504Z] >>> HTTP REQUEST POST https://deploy.firebase.com/v1/projects/angularcolombia/releases { hosting:
   { public: 'dist',
     ignore: [ 'firebase.json', '**/.*', '**/node_modules/**' ],
     rewrites: [ [Object] ],
     version: '-Kz1tUBJBIoPl4In2o_X',
     prefix: '-Kz1tUBJBIoPl4In2o_X/',
     manifest: [] } }
 Wed Nov 15 2017 22:36:37 GMT-0500 (-05)
